<?xml version="1.0" encoding="UTF-8"?>
<testng-results skipped="0" failed="0" ignored="0" total="1" passed="1">
  <reporter-output>
  </reporter-output>
  <suite name="BDDCucumber with Page object Model Test Suite" duration-ms="13030" started-at="2020-02-13T11:59:26Z" finished-at="2020-02-13T11:59:39Z">
    <groups>
      <group name="cucumber">
        <method signature="TestRunner.feature(cucumber.api.testng.CucumberFeatureWrapper)[pri:0, instance:com.qa.Runner.TestRunner@75881071]" name="feature" class="com.qa.Runner.TestRunner"/>
      </group> <!-- cucumber -->
    </groups>
    <test name="RTSM ClinPhone Test" duration-ms="13030" started-at="2020-02-13T11:59:26Z" finished-at="2020-02-13T11:59:39Z">
      <class name="com.qa.Runner.TestRunner">
        <test-method status="PASS" signature="setUpClass()[pri:0, instance:com.qa.Runner.TestRunner@75881071]" name="setUpClass" is-config="true" duration-ms="182" started-at="2020-02-13T11:59:26Z" finished-at="2020-02-13T11:59:26Z">
          <reporter-output>
          </reporter-output>
        </test-method> <!-- setUpClass -->
        <test-method status="PASS" signature="feature(cucumber.api.testng.CucumberFeatureWrapper)[pri:0, instance:com.qa.Runner.TestRunner@75881071]" name="feature" duration-ms="12513" started-at="2020-02-13T11:59:26Z" description="Runs Cucumber Feature" data-provider="features" finished-at="2020-02-13T11:59:38Z">
          <params>
            <param index="0">
              <value>
                <![CDATA[RTSM-CP4 Application Test]]>
              </value>
            </param>
          </params>
          <reporter-output>
          </reporter-output>
        </test-method> <!-- feature -->
        <test-method status="PASS" signature="tearDownClass()[pri:0, instance:com.qa.Runner.TestRunner@75881071]" name="tearDownClass" is-config="true" duration-ms="268" started-at="2020-02-13T11:59:38Z" finished-at="2020-02-13T11:59:39Z">
          <reporter-output>
          </reporter-output>
        </test-method> <!-- tearDownClass -->
      </class> <!-- com.qa.Runner.TestRunner -->
    </test> <!-- RTSM ClinPhone Test -->
  </suite> <!-- BDDCucumber with Page object Model Test Suite -->
</testng-results>
